Nonterminals useless in grammar

    Arg
    ArgList
    FuncCall


Terminals unused in grammar

    tOR
    tAND


Rules useless in grammar

   56 Arg: tINT tID

   57 ArgList: Arg
   58        | Arg tCOMA ArgList
   59        | ε

   60 FuncCall: tID tOP ArgList tCP


Grammar

    0 $accept: Program $end

    1 Program: Funs

    2 Funs: Fun Funs
    3     | Fun

    4 $@1: ε

    5 Fun: ReturnType $@1 FunName tOP Args tCP Body

    6 FunName: tID

    7 ReturnType: tINT
    8           | tVOID

    9 $@2: ε

   10 Args: tINT tID $@2 ArgsM
   11     | ε

   12 $@3: ε

   13 ArgsM: tCOMA tINT tID $@3 ArgsM
   14      | ε

   15 $@4: ε

   16 $@5: ε

   17 Body: $@4 tOB $@5 Lins tCB

   18 $@6: ε

   19 Lins: $@6 Ins Lins
   20     | ε

   21 Return: tRETURN E tSEM

   22 Ins: Aff
   23    | If
   24    | While
   25    | Decla
   26    | Return

   27 $@7: ε

   28 Aff: $@7 tID tAS E tSEM

   29 $@8: ε

   30 Decla: $@8 tINT Decla1 DeclaS tSEM

   31 Decla1: tID
   32       | tID tAS E

   33 DeclaS: ε
   34       | tCOMA Decla1 DeclaS

   35 $@9: ε

   36 $@10: ε

   37 $@11: ε

   38 If: tIF $@9 tOP E tCP $@10 Body $@11 Else

   39 $@12: ε

   40 Else: tELSE $@12 Body
   41     | ε

   42 $@13: ε

   43 $@14: ε

   44 While: tWHILE $@13 tOP E tCP $@14 Body

   45 E: E tPLUS E
   46  | E tMUL E
   47  | E tMINUS E
   48  | E tDIV E
   49  | E tEQ E
   50  | E tSUP E
   51  | E tSUPOREQ E
   52  | E tINF E
   53  | E tINFOREQ E
   54  | tNB
   55  | tID


Terminals, with rules where they appear

    $end (0) 0
    error (256)
    tINT (258) 7 10 13 30
    tOP (259) 5 38 44
    tCP (260) 5 38 44
    tOB (261) 17
    tCB (262) 17
    tAS (263) 28 32
    tSEM (264) 21 28 30
    tCOMA (265) 13 34
    tPLUS (266) 45
    tMINUS (267) 47
    tDIV (268) 48
    tMUL (269) 46
    tELSE (270) 40
    tOR (271)
    tAND (272)
    tVOID (273) 8
    tEQ (274) 49
    tINFOREQ (275) 53
    tSUP (276) 50
    tSUPOREQ (277) 51
    tINF (278) 52
    tRETURN (279) 21
    tID <name> (280) 6 10 13 28 31 32 55
    tIF <ligne> (281) 38
    tWHILE <ligne2> (282) 44
    tNB <nb> (283) 54


Nonterminals, with rules where they appear

    $accept (29)
        on left: 0
    Program (30)
        on left: 1
        on right: 0
    Funs (31)
        on left: 2 3
        on right: 1 2
    Fun <name> (32)
        on left: 5
        on right: 2 3
    $@1 (33)
        on left: 4
        on right: 5
    FunName <name> (34)
        on left: 6
        on right: 5
    ReturnType (35)
        on left: 7 8
        on right: 5
    Args (36)
        on left: 10 11
        on right: 5
    $@2 (37)
        on left: 9
        on right: 10
    ArgsM (38)
        on left: 13 14
        on right: 10 13
    $@3 (39)
        on left: 12
        on right: 13
    Body (40)
        on left: 17
        on right: 5 38 40 44
    $@4 (41)
        on left: 15
        on right: 17
    $@5 (42)
        on left: 16
        on right: 17
    Lins (43)
        on left: 19 20
        on right: 17 19
    $@6 (44)
        on left: 18
        on right: 19
    Return (45)
        on left: 21
        on right: 26
    Ins (46)
        on left: 22 23 24 25 26
        on right: 19
    Aff (47)
        on left: 28
        on right: 22
    $@7 (48)
        on left: 27
        on right: 28
    Decla (49)
        on left: 30
        on right: 25
    $@8 (50)
        on left: 29
        on right: 30
    Decla1 (51)
        on left: 31 32
        on right: 30 34
    DeclaS (52)
        on left: 33 34
        on right: 30 34
    If (53)
        on left: 38
        on right: 23
    $@9 (54)
        on left: 35
        on right: 38
    $@10 (55)
        on left: 36
        on right: 38
    $@11 (56)
        on left: 37
        on right: 38
    Else (57)
        on left: 40 41
        on right: 38
    $@12 (58)
        on left: 39
        on right: 40
    While (59)
        on left: 44
        on right: 24
    $@13 (60)
        on left: 42
        on right: 44
    $@14 (61)
        on left: 43
        on right: 44
    E (62)
        on left: 45 46 47 48 49 50 51 52 53 54 55
        on right: 21 28 32 38 44 45 46 47 48 49 50 51 52 53


State 0

    0 $accept: • Program $end

    tINT   shift, and go to state 1
    tVOID  shift, and go to state 2

    Program     go to state 3
    Funs        go to state 4
    Fun         go to state 5
    ReturnType  go to state 6


State 1

    7 ReturnType: tINT •

    $default  reduce using rule 7 (ReturnType)


State 2

    8 ReturnType: tVOID •

    $default  reduce using rule 8 (ReturnType)


State 3

    0 $accept: Program • $end

    $end  shift, and go to state 7


State 4

    1 Program: Funs •

    $default  reduce using rule 1 (Program)


State 5

    2 Funs: Fun • Funs
    3     | Fun •

    tINT   shift, and go to state 1
    tVOID  shift, and go to state 2

    $default  reduce using rule 3 (Funs)

    Funs        go to state 8
    Fun         go to state 5
    ReturnType  go to state 6


State 6

    5 Fun: ReturnType • $@1 FunName tOP Args tCP Body

    $default  reduce using rule 4 ($@1)

    $@1  go to state 9


State 7

    0 $accept: Program $end •

    $default  accept


State 8

    2 Funs: Fun Funs •

    $default  reduce using rule 2 (Funs)


State 9

    5 Fun: ReturnType $@1 • FunName tOP Args tCP Body

    tID  shift, and go to state 10

    FunName  go to state 11


State 10

    6 FunName: tID •

    $default  reduce using rule 6 (FunName)


State 11

    5 Fun: ReturnType $@1 FunName • tOP Args tCP Body

    tOP  shift, and go to state 12


State 12

    5 Fun: ReturnType $@1 FunName tOP • Args tCP Body

    tINT  shift, and go to state 13

    $default  reduce using rule 11 (Args)

    Args  go to state 14


State 13

   10 Args: tINT • tID $@2 ArgsM

    tID  shift, and go to state 15


State 14

    5 Fun: ReturnType $@1 FunName tOP Args • tCP Body

    tCP  shift, and go to state 16


State 15

   10 Args: tINT tID • $@2 ArgsM

    $default  reduce using rule 9 ($@2)

    $@2  go to state 17


State 16

    5 Fun: ReturnType $@1 FunName tOP Args tCP • Body

    $default  reduce using rule 15 ($@4)

    Body  go to state 18
    $@4   go to state 19


State 17

   10 Args: tINT tID $@2 • ArgsM

    tCOMA  shift, and go to state 20

    $default  reduce using rule 14 (ArgsM)

    ArgsM  go to state 21


State 18

    5 Fun: ReturnType $@1 FunName tOP Args tCP Body •

    $default  reduce using rule 5 (Fun)


State 19

   17 Body: $@4 • tOB $@5 Lins tCB

    tOB  shift, and go to state 22


State 20

   13 ArgsM: tCOMA • tINT tID $@3 ArgsM

    tINT  shift, and go to state 23


State 21

   10 Args: tINT tID $@2 ArgsM •

    $default  reduce using rule 10 (Args)


State 22

   17 Body: $@4 tOB • $@5 Lins tCB

    $default  reduce using rule 16 ($@5)

    $@5  go to state 24


State 23

   13 ArgsM: tCOMA tINT • tID $@3 ArgsM

    tID  shift, and go to state 25


State 24

   17 Body: $@4 tOB $@5 • Lins tCB

    tCB       reduce using rule 20 (Lins)
    $default  reduce using rule 18 ($@6)

    Lins  go to state 26
    $@6   go to state 27


State 25

   13 ArgsM: tCOMA tINT tID • $@3 ArgsM

    $default  reduce using rule 12 ($@3)

    $@3  go to state 28


State 26

   17 Body: $@4 tOB $@5 Lins • tCB

    tCB  shift, and go to state 29


State 27

   19 Lins: $@6 • Ins Lins

    tRETURN  shift, and go to state 30
    tIF      shift, and go to state 31
    tWHILE   shift, and go to state 32

    tINT      reduce using rule 29 ($@8)
    $default  reduce using rule 27 ($@7)

    Return  go to state 33
    Ins     go to state 34
    Aff     go to state 35
    $@7     go to state 36
    Decla   go to state 37
    $@8     go to state 38
    If      go to state 39
    While   go to state 40


State 28

   13 ArgsM: tCOMA tINT tID $@3 • ArgsM

    tCOMA  shift, and go to state 20

    $default  reduce using rule 14 (ArgsM)

    ArgsM  go to state 41


State 29

   17 Body: $@4 tOB $@5 Lins tCB •

    $default  reduce using rule 17 (Body)


State 30

   21 Return: tRETURN • E tSEM

    tID  shift, and go to state 42
    tNB  shift, and go to state 43

    E  go to state 44


State 31

   38 If: tIF • $@9 tOP E tCP $@10 Body $@11 Else

    $default  reduce using rule 35 ($@9)

    $@9  go to state 45


State 32

   44 While: tWHILE • $@13 tOP E tCP $@14 Body

    $default  reduce using rule 42 ($@13)

    $@13  go to state 46


State 33

   26 Ins: Return •

    $default  reduce using rule 26 (Ins)


State 34

   19 Lins: $@6 Ins • Lins

    tCB       reduce using rule 20 (Lins)
    $default  reduce using rule 18 ($@6)

    Lins  go to state 47
    $@6   go to state 27


State 35

   22 Ins: Aff •

    $default  reduce using rule 22 (Ins)


State 36

   28 Aff: $@7 • tID tAS E tSEM

    tID  shift, and go to state 48


State 37

   25 Ins: Decla •

    $default  reduce using rule 25 (Ins)


State 38

   30 Decla: $@8 • tINT Decla1 DeclaS tSEM

    tINT  shift, and go to state 49


State 39

   23 Ins: If •

    $default  reduce using rule 23 (Ins)


State 40

   24 Ins: While •

    $default  reduce using rule 24 (Ins)


State 41

   13 ArgsM: tCOMA tINT tID $@3 ArgsM •

    $default  reduce using rule 13 (ArgsM)


State 42

   55 E: tID •

    $default  reduce using rule 55 (E)


State 43

   54 E: tNB •

    $default  reduce using rule 54 (E)


State 44

   21 Return: tRETURN E • tSEM
   45 E: E • tPLUS E
   46  | E • tMUL E
   47  | E • tMINUS E
   48  | E • tDIV E
   49  | E • tEQ E
   50  | E • tSUP E
   51  | E • tSUPOREQ E
   52  | E • tINF E
   53  | E • tINFOREQ E

    tSEM      shift, and go to state 50
    tPLUS     shift, and go to state 51
    tMINUS    shift, and go to state 52
    tDIV      shift, and go to state 53
    tMUL      shift, and go to state 54
    tEQ       shift, and go to state 55
    tINFOREQ  shift, and go to state 56
    tSUP      shift, and go to state 57
    tSUPOREQ  shift, and go to state 58
    tINF      shift, and go to state 59


State 45

   38 If: tIF $@9 • tOP E tCP $@10 Body $@11 Else

    tOP  shift, and go to state 60


State 46

   44 While: tWHILE $@13 • tOP E tCP $@14 Body

    tOP  shift, and go to state 61


State 47

   19 Lins: $@6 Ins Lins •

    $default  reduce using rule 19 (Lins)


State 48

   28 Aff: $@7 tID • tAS E tSEM

    tAS  shift, and go to state 62


State 49

   30 Decla: $@8 tINT • Decla1 DeclaS tSEM

    tID  shift, and go to state 63

    Decla1  go to state 64


State 50

   21 Return: tRETURN E tSEM •

    $default  reduce using rule 21 (Return)


State 51

   45 E: E tPLUS • E

    tID  shift, and go to state 42
    tNB  shift, and go to state 43

    E  go to state 65


State 52

   47 E: E tMINUS • E

    tID  shift, and go to state 42
    tNB  shift, and go to state 43

    E  go to state 66


State 53

   48 E: E tDIV • E

    tID  shift, and go to state 42
    tNB  shift, and go to state 43

    E  go to state 67


State 54

   46 E: E tMUL • E

    tID  shift, and go to state 42
    tNB  shift, and go to state 43

    E  go to state 68


State 55

   49 E: E tEQ • E

    tID  shift, and go to state 42
    tNB  shift, and go to state 43

    E  go to state 69


State 56

   53 E: E tINFOREQ • E

    tID  shift, and go to state 42
    tNB  shift, and go to state 43

    E  go to state 70


State 57

   50 E: E tSUP • E

    tID  shift, and go to state 42
    tNB  shift, and go to state 43

    E  go to state 71


State 58

   51 E: E tSUPOREQ • E

    tID  shift, and go to state 42
    tNB  shift, and go to state 43

    E  go to state 72


State 59

   52 E: E tINF • E

    tID  shift, and go to state 42
    tNB  shift, and go to state 43

    E  go to state 73


State 60

   38 If: tIF $@9 tOP • E tCP $@10 Body $@11 Else

    tID  shift, and go to state 42
    tNB  shift, and go to state 43

    E  go to state 74


State 61

   44 While: tWHILE $@13 tOP • E tCP $@14 Body

    tID  shift, and go to state 42
    tNB  shift, and go to state 43

    E  go to state 75


State 62

   28 Aff: $@7 tID tAS • E tSEM

    tID  shift, and go to state 42
    tNB  shift, and go to state 43

    E  go to state 76


State 63

   31 Decla1: tID •
   32       | tID • tAS E

    tAS  shift, and go to state 77

    $default  reduce using rule 31 (Decla1)


State 64

   30 Decla: $@8 tINT Decla1 • DeclaS tSEM

    tCOMA  shift, and go to state 78

    $default  reduce using rule 33 (DeclaS)

    DeclaS  go to state 79


State 65

   45 E: E • tPLUS E
   45  | E tPLUS E •
   46  | E • tMUL E
   47  | E • tMINUS E
   48  | E • tDIV E
   49  | E • tEQ E
   50  | E • tSUP E
   51  | E • tSUPOREQ E
   52  | E • tINF E
   53  | E • tINFOREQ E

    tDIV  shift, and go to state 53
    tMUL  shift, and go to state 54

    $default  reduce using rule 45 (E)


State 66

   45 E: E • tPLUS E
   46  | E • tMUL E
   47  | E • tMINUS E
   47  | E tMINUS E •
   48  | E • tDIV E
   49  | E • tEQ E
   50  | E • tSUP E
   51  | E • tSUPOREQ E
   52  | E • tINF E
   53  | E • tINFOREQ E

    tDIV  shift, and go to state 53
    tMUL  shift, and go to state 54

    $default  reduce using rule 47 (E)


State 67

   45 E: E • tPLUS E
   46  | E • tMUL E
   47  | E • tMINUS E
   48  | E • tDIV E
   48  | E tDIV E •
   49  | E • tEQ E
   50  | E • tSUP E
   51  | E • tSUPOREQ E
   52  | E • tINF E
   53  | E • tINFOREQ E

    $default  reduce using rule 48 (E)


State 68

   45 E: E • tPLUS E
   46  | E • tMUL E
   46  | E tMUL E •
   47  | E • tMINUS E
   48  | E • tDIV E
   49  | E • tEQ E
   50  | E • tSUP E
   51  | E • tSUPOREQ E
   52  | E • tINF E
   53  | E • tINFOREQ E

    $default  reduce using rule 46 (E)


State 69

   45 E: E • tPLUS E
   46  | E • tMUL E
   47  | E • tMINUS E
   48  | E • tDIV E
   49  | E • tEQ E
   49  | E tEQ E •
   50  | E • tSUP E
   51  | E • tSUPOREQ E
   52  | E • tINF E
   53  | E • tINFOREQ E

    tPLUS     shift, and go to state 51
    tMINUS    shift, and go to state 52
    tDIV      shift, and go to state 53
    tMUL      shift, and go to state 54
    tINFOREQ  shift, and go to state 56
    tSUP      shift, and go to state 57
    tSUPOREQ  shift, and go to state 58
    tINF      shift, and go to state 59

    $default  reduce using rule 49 (E)


State 70

   45 E: E • tPLUS E
   46  | E • tMUL E
   47  | E • tMINUS E
   48  | E • tDIV E
   49  | E • tEQ E
   50  | E • tSUP E
   51  | E • tSUPOREQ E
   52  | E • tINF E
   53  | E • tINFOREQ E
   53  | E tINFOREQ E •

    tPLUS   shift, and go to state 51
    tMINUS  shift, and go to state 52
    tDIV    shift, and go to state 53
    tMUL    shift, and go to state 54

    tINFOREQ  error (nonassociative)
    tSUP      error (nonassociative)
    tSUPOREQ  error (nonassociative)
    tINF      error (nonassociative)

    $default  reduce using rule 53 (E)


State 71

   45 E: E • tPLUS E
   46  | E • tMUL E
   47  | E • tMINUS E
   48  | E • tDIV E
   49  | E • tEQ E
   50  | E • tSUP E
   50  | E tSUP E •
   51  | E • tSUPOREQ E
   52  | E • tINF E
   53  | E • tINFOREQ E

    tPLUS   shift, and go to state 51
    tMINUS  shift, and go to state 52
    tDIV    shift, and go to state 53
    tMUL    shift, and go to state 54

    tINFOREQ  error (nonassociative)
    tSUP      error (nonassociative)
    tSUPOREQ  error (nonassociative)
    tINF      error (nonassociative)

    $default  reduce using rule 50 (E)


State 72

   45 E: E • tPLUS E
   46  | E • tMUL E
   47  | E • tMINUS E
   48  | E • tDIV E
   49  | E • tEQ E
   50  | E • tSUP E
   51  | E • tSUPOREQ E
   51  | E tSUPOREQ E •
   52  | E • tINF E
   53  | E • tINFOREQ E

    tPLUS   shift, and go to state 51
    tMINUS  shift, and go to state 52
    tDIV    shift, and go to state 53
    tMUL    shift, and go to state 54

    tINFOREQ  error (nonassociative)
    tSUP      error (nonassociative)
    tSUPOREQ  error (nonassociative)
    tINF      error (nonassociative)

    $default  reduce using rule 51 (E)


State 73

   45 E: E • tPLUS E
   46  | E • tMUL E
   47  | E • tMINUS E
   48  | E • tDIV E
   49  | E • tEQ E
   50  | E • tSUP E
   51  | E • tSUPOREQ E
   52  | E • tINF E
   52  | E tINF E •
   53  | E • tINFOREQ E

    tPLUS   shift, and go to state 51
    tMINUS  shift, and go to state 52
    tDIV    shift, and go to state 53
    tMUL    shift, and go to state 54

    tINFOREQ  error (nonassociative)
    tSUP      error (nonassociative)
    tSUPOREQ  error (nonassociative)
    tINF      error (nonassociative)

    $default  reduce using rule 52 (E)


State 74

   38 If: tIF $@9 tOP E • tCP $@10 Body $@11 Else
   45 E: E • tPLUS E
   46  | E • tMUL E
   47  | E • tMINUS E
   48  | E • tDIV E
   49  | E • tEQ E
   50  | E • tSUP E
   51  | E • tSUPOREQ E
   52  | E • tINF E
   53  | E • tINFOREQ E

    tCP       shift, and go to state 80
    tPLUS     shift, and go to state 51
    tMINUS    shift, and go to state 52
    tDIV      shift, and go to state 53
    tMUL      shift, and go to state 54
    tEQ       shift, and go to state 55
    tINFOREQ  shift, and go to state 56
    tSUP      shift, and go to state 57
    tSUPOREQ  shift, and go to state 58
    tINF      shift, and go to state 59


State 75

   44 While: tWHILE $@13 tOP E • tCP $@14 Body
   45 E: E • tPLUS E
   46  | E • tMUL E
   47  | E • tMINUS E
   48  | E • tDIV E
   49  | E • tEQ E
   50  | E • tSUP E
   51  | E • tSUPOREQ E
   52  | E • tINF E
   53  | E • tINFOREQ E

    tCP       shift, and go to state 81
    tPLUS     shift, and go to state 51
    tMINUS    shift, and go to state 52
    tDIV      shift, and go to state 53
    tMUL      shift, and go to state 54
    tEQ       shift, and go to state 55
    tINFOREQ  shift, and go to state 56
    tSUP      shift, and go to state 57
    tSUPOREQ  shift, and go to state 58
    tINF      shift, and go to state 59


State 76

   28 Aff: $@7 tID tAS E • tSEM
   45 E: E • tPLUS E
   46  | E • tMUL E
   47  | E • tMINUS E
   48  | E • tDIV E
   49  | E • tEQ E
   50  | E • tSUP E
   51  | E • tSUPOREQ E
   52  | E • tINF E
   53  | E • tINFOREQ E

    tSEM      shift, and go to state 82
    tPLUS     shift, and go to state 51
    tMINUS    shift, and go to state 52
    tDIV      shift, and go to state 53
    tMUL      shift, and go to state 54
    tEQ       shift, and go to state 55
    tINFOREQ  shift, and go to state 56
    tSUP      shift, and go to state 57
    tSUPOREQ  shift, and go to state 58
    tINF      shift, and go to state 59


State 77

   32 Decla1: tID tAS • E

    tID  shift, and go to state 42
    tNB  shift, and go to state 43

    E  go to state 83


State 78

   34 DeclaS: tCOMA • Decla1 DeclaS

    tID  shift, and go to state 63

    Decla1  go to state 84


State 79

   30 Decla: $@8 tINT Decla1 DeclaS • tSEM

    tSEM  shift, and go to state 85


State 80

   38 If: tIF $@9 tOP E tCP • $@10 Body $@11 Else

    $default  reduce using rule 36 ($@10)

    $@10  go to state 86


State 81

   44 While: tWHILE $@13 tOP E tCP • $@14 Body

    $default  reduce using rule 43 ($@14)

    $@14  go to state 87


State 82

   28 Aff: $@7 tID tAS E tSEM •

    $default  reduce using rule 28 (Aff)


State 83

   32 Decla1: tID tAS E •
   45 E: E • tPLUS E
   46  | E • tMUL E
   47  | E • tMINUS E
   48  | E • tDIV E
   49  | E • tEQ E
   50  | E • tSUP E
   51  | E • tSUPOREQ E
   52  | E • tINF E
   53  | E • tINFOREQ E

    tPLUS     shift, and go to state 51
    tMINUS    shift, and go to state 52
    tDIV      shift, and go to state 53
    tMUL      shift, and go to state 54
    tEQ       shift, and go to state 55
    tINFOREQ  shift, and go to state 56
    tSUP      shift, and go to state 57
    tSUPOREQ  shift, and go to state 58
    tINF      shift, and go to state 59

    $default  reduce using rule 32 (Decla1)


State 84

   34 DeclaS: tCOMA Decla1 • DeclaS

    tCOMA  shift, and go to state 78

    $default  reduce using rule 33 (DeclaS)

    DeclaS  go to state 88


State 85

   30 Decla: $@8 tINT Decla1 DeclaS tSEM •

    $default  reduce using rule 30 (Decla)


State 86

   38 If: tIF $@9 tOP E tCP $@10 • Body $@11 Else

    $default  reduce using rule 15 ($@4)

    Body  go to state 89
    $@4   go to state 19


State 87

   44 While: tWHILE $@13 tOP E tCP $@14 • Body

    $default  reduce using rule 15 ($@4)

    Body  go to state 90
    $@4   go to state 19


State 88

   34 DeclaS: tCOMA Decla1 DeclaS •

    $default  reduce using rule 34 (DeclaS)


State 89

   38 If: tIF $@9 tOP E tCP $@10 Body • $@11 Else

    $default  reduce using rule 37 ($@11)

    $@11  go to state 91


State 90

   44 While: tWHILE $@13 tOP E tCP $@14 Body •

    $default  reduce using rule 44 (While)


State 91

   38 If: tIF $@9 tOP E tCP $@10 Body $@11 • Else

    tELSE  shift, and go to state 92

    $default  reduce using rule 41 (Else)

    Else  go to state 93


State 92

   40 Else: tELSE • $@12 Body

    $default  reduce using rule 39 ($@12)

    $@12  go to state 94


State 93

   38 If: tIF $@9 tOP E tCP $@10 Body $@11 Else •

    $default  reduce using rule 38 (If)


State 94

   40 Else: tELSE $@12 • Body

    $default  reduce using rule 15 ($@4)

    Body  go to state 95
    $@4   go to state 19


State 95

   40 Else: tELSE $@12 Body •

    $default  reduce using rule 40 (Else)
